Tue Apr 05 16:35:46 CEST 2022	[server]	Initiliazing TweetyServer...
Tue Apr 05 16:35:46 CEST 2022	[server]	Starting TweetyServer...
Tue Apr 05 16:39:58 CEST 2022	[server]	Initiliazing TweetyServer...
Tue Apr 05 16:39:59 CEST 2022	[server]	Starting TweetyServer...
Tue Apr 05 18:27:38 CEST 2022	[server]	Initiliazing TweetyServer...
Tue Apr 05 18:27:39 CEST 2022	[server]	Starting TweetyServer...
Tue Apr 05 19:55:50 CEST 2022	[server]	Initiliazing TweetyServer...
Tue Apr 05 19:55:51 CEST 2022	[server]	Starting TweetyServer...
Tue Apr 05 20:31:56 CEST 2022	[server]	Initiliazing TweetyServer...
Tue Apr 05 20:31:58 CEST 2022	[server]	Starting TweetyServer...
Tue Apr 05 20:34:27 CEST 2022	[server]	Initiliazing TweetyServer...
Tue Apr 05 20:34:28 CEST 2022	[server]	Starting TweetyServer...
Tue Apr 05 20:50:31 CEST 2022	[server]	Initiliazing TweetyServer...
Tue Apr 05 20:50:32 CEST 2022	[server]	Starting TweetyServer...
Tue Apr 05 20:50:43 CEST 2022	[ping]	Received and returned request {}
Tue Apr 05 21:08:05 CEST 2022	[incmes]	Received request {"cmd":"measures","email":"tweetyweb@mthimm.de"}
Tue Apr 05 21:08:05 CEST 2022	[incmes]	Finished handling request {"cmd":"measures","email":"tweetyweb@mthimm.de"}, reply is {"measures":[{"id":"drastic","label":"Drastic Inconsistency Measure"},{"id":"mi","label":"MI Inconsistency Measure"},{"id":"mic","label":"MIC Inconsistency Measure"},{"id":"eta","label":"Eta Inconsistency Measure"},{"id":"contension","label":"Contension Inconsistency Measure"},{"id":"mc","label":"MaxCons Inconsistency Measure"},{"id":"pr","label":"P Inconsistency Measure"},{"id":"hs","label":"Hitting Set Inconsistency Measure"},{"id":"dalalsum","label":"Dalal-Sum Inconsistency Measure"},{"id":"dalalmax","label":"Dalal-Max Inconsistency Measure"},{"id":"dalalhit","label":"Dalal-Hit Inconsistency Measure"},{"id":"df","label":"Df Inconsistency Measure"},{"id":"pm","label":"Pm Inconsistency Measure"},{"id":"mv","label":"MusVar Inconsistency Measure"},{"id":"nc","label":"NCons Inconsistency Measure"},{"id":"mcsc","label":"MCSC Inconsistency Measure"},{"id":"cc","label":"CC Inconsistency Measure"},{"id":"csp","label":"CSP Inconsistency Measure"},{"id":"fb","label":"Forgetting-based Inconsistency Measure"},{"id":"is","label":"Independent set-based Inconsistency Measure"}],"reply":"measures","email":"tweetyweb@mthimm.de"}
Wed Apr 06 17:13:40 CEST 2022	[server]	Initiliazing TweetyServer...
Wed Apr 06 17:13:41 CEST 2022	[server]	Starting TweetyServer...
Wed Apr 06 17:14:25 CEST 2022	[ping]	Received and returned request {}
Wed Apr 06 17:53:55 CEST 2022	[server]	Initiliazing TweetyServer...
Wed Apr 06 17:53:55 CEST 2022	[server]	Starting TweetyServer...
Wed Apr 06 18:03:42 CEST 2022	[server]	Initiliazing TweetyServer...
Wed Apr 06 18:03:43 CEST 2022	[server]	Starting TweetyServer...
Fri Apr 22 11:53:47 CEST 2022	[server]	Initiliazing TweetyServer...
Fri Apr 22 11:53:48 CEST 2022	[server]	Starting TweetyServer...
Fri Apr 22 11:56:58 CEST 2022	[ping]	Received and returned request {}
Fri Apr 22 12:07:56 CEST 2022	[ping]	Received and returned request {}
Fri Apr 22 12:13:09 CEST 2022	[server]	Initiliazing TweetyServer...
Fri Apr 22 12:13:11 CEST 2022	[server]	Starting TweetyServer...
Fri Apr 22 12:15:54 CEST 2022	[ping]	Received and returned request {}
Sun Apr 24 15:48:23 CEST 2022	[server]	Initiliazing TweetyServer...
Sun Apr 24 15:48:24 CEST 2022	[server]	Starting TweetyServer...
Sun Apr 24 15:48:36 CEST 2022	[ping]	Received and returned request {}
Sun Apr 24 17:02:13 CEST 2022	[server]	Initiliazing TweetyServer...
Sun Apr 24 17:02:13 CEST 2022	[server]	Starting TweetyServer...
Sun Apr 24 17:02:25 CEST 2022	[ping]	Received and returned request {}
Sun Apr 24 17:02:49 CEST 2022	[server]	Initiliazing TweetyServer...
Sun Apr 24 17:02:50 CEST 2022	[server]	Starting TweetyServer...
Sun Apr 24 17:02:58 CEST 2022	[ping]	Received and returned request {}
Sun Apr 24 17:15:18 CEST 2022	[server]	Initiliazing TweetyServer...
Sun Apr 24 17:15:19 CEST 2022	[server]	Starting TweetyServer...
